<?xml version="1.0" encoding="UTF-8"?>
<testng-results ignored="0" total="1" passed="1" failed="0" skipped="0">
  <reporter-output>
  </reporter-output>
  <suite started-at="2020-03-21T22:04:12 IST" name="Default suite" finished-at="2020-03-21T22:04:42 IST" duration-ms="29603">
    <groups>
    </groups>
    <test started-at="2020-03-21T22:04:12 IST" name="Default test" finished-at="2020-03-21T22:04:42 IST" duration-ms="29603">
      <class name="testcases.LoginTest">
        <test-method signature="loginTestCase()[pri:0, instance:testcases.LoginTest@58ea606c]" started-at="2020-03-21T22:04:12 IST" name="loginTestCase" finished-at="2020-03-21T22:04:42 IST" duration-ms="29564" status="PASS">
          <reporter-output>
          </reporter-output>
        </test-method> <!-- loginTestCase -->
      </class> <!-- testcases.LoginTest -->
    </test> <!-- Default test -->
  </suite> <!-- Default suite -->
</testng-results>
